[07/14 21:09:11][INFO] train_net.py:  650: Train with config:
[07/14 21:09:11][INFO] train_net.py:  651: {'AUG': {'AA_TYPE': 'rand-m9-mstd0.5-inc1',
         'COLOR_JITTER': 0.4,
         'ENABLE': False,
         'GEN_MASK_LOADER': False,
         'INTERPOLATION': 'bicubic',
         'MASK_FRAMES': False,
         'MASK_RATIO': 0.0,
         'MASK_TUBE': False,
         'MASK_WINDOW_SIZE': [8, 7, 7],
         'MAX_MASK_PATCHES_PER_BLOCK': None,
         'NUM_SAMPLE': 1,
         'RE_COUNT': 1,
         'RE_MODE': 'pixel',
         'RE_PROB': 0.25,
         'RE_SPLIT': False},
 'AVA': {'ANNOTATION_DIR': '/mnt/vol/gfsai-flash3-east/ai-group/users/haoqifan/ava/frame_list/',
         'BGR': False,
         'DETECTION_SCORE_THRESH': 0.9,
         'EXCLUSION_FILE': 'ava_val_excluded_timestamps_v2.2.csv',
         'FRAME_DIR': '/mnt/fair-flash3-east/ava_trainval_frames.img/',
         'FRAME_LIST_DIR': '/mnt/vol/gfsai-flash3-east/ai-group/users/haoqifan/ava/frame_list/',
         'FULL_TEST_ON_VAL': False,
         'GROUNDTRUTH_FILE': 'ava_val_v2.2.csv',
         'IMG_PROC_BACKEND': 'cv2',
         'LABEL_MAP_FILE': 'ava_action_list_v2.2_for_activitynet_2019.pbtxt',
         'TEST_FORCE_FLIP': False,
         'TEST_LISTS': ['val.csv'],
         'TEST_PREDICT_BOX_LISTS': ['ava_val_predicted_boxes.csv'],
         'TRAIN_GT_BOX_LISTS': ['ava_train_v2.2.csv'],
         'TRAIN_LISTS': ['train.csv'],
         'TRAIN_PCA_JITTER_ONLY': True,
         'TRAIN_PREDICT_BOX_LISTS': [],
         'TRAIN_USE_COLOR_AUGMENTATION': False},
 'BENCHMARK': CfgNode({'NUM_EPOCHS': 5, 'LOG_PERIOD': 100, 'SHUFFLE': True}),
 'BN': {'GLOBAL_SYNC': False,
        'NORM_TYPE': 'batchnorm',
        'NUM_BATCHES_PRECISE': 200,
        'NUM_SPLITS': 1,
        'NUM_SYNC_DEVICES': 1,
        'USE_PRECISE_STATS': False,
        'WEIGHT_DECAY': 0.0},
 'CONTRASTIVE': {'BN_MLP': False,
                 'BN_SYNC_MLP': False,
                 'DELTA_CLIPS_MAX': inf,
                 'DELTA_CLIPS_MIN': -inf,
                 'DIM': 128,
                 'INTERP_MEMORY': False,
                 'KNN_ON': True,
                 'LENGTH': 239975,
                 'LOCAL_SHUFFLE_BN': True,
                 'MEM_TYPE': '1d',
                 'MLP_DIM': 2048,
                 'MOCO_MULTI_VIEW_QUEUE': False,
                 'MOMENTUM': 0.5,
                 'MOMENTUM_ANNEALING': False,
                 'NUM_CLASSES_DOWNSTREAM': 400,
                 'NUM_MLP_LAYERS': 1,
                 'PREDICTOR_DEPTHS': [],
                 'QUEUE_LEN': 65536,
                 'SEQUENTIAL': False,
                 'SIMCLR_DIST_ON': True,
                 'SWAV_QEUE_LEN': 0,
                 'T': 0.07,
                 'TYPE': 'mem'},
 'DATA': {'CAM_VIEWS_METHODS': ['crop', 'noise_crop'],
          'COLOR_RND_GRAYSCALE': 0.0,
          'CROP_PROMPT': False,
          'DECODING_BACKEND': 'torchvision',
          'DECODING_SHORT_SIZE': 256,
          'DUMMY_LOAD': False,
          'ENSEMBLE_METHOD': 'sum',
          'IN22K_TRAINVAL': False,
          'IN22k_VAL_IN1K': '',
          'INPUT_CHANNEL_NUM': [3],
          'INV_UNIFORM_SAMPLE': False,
          'IN_VAL_CROP_RATIO': 0.875,
          'LOADER_CHUNK_OVERALL_SIZE': 0,
          'LOADER_CHUNK_SIZE': 0,
          'MEAN': [0.45, 0.45, 0.45],
          'MULTI_LABEL': False,
          'NUM_FRAMES': 16,
          'PATH_LABEL_SEPARATOR': ' ',
          'PATH_PREFIX': '',
          'PATH_TO_DATA_DIR': '',
          'PATH_TO_PRELOAD_IMDB': '',
          'RANDOM_FLIP': False,
          'RETURN_CROPPING_PARAMS': False,
          'REVERSE_INPUT_CHANNEL': False,
          'SAMPLING_RATE': 4,
          'SKIP_ROWS': 0,
          'SSL_BLUR_SIGMA_MAX': [0.0, 2.0],
          'SSL_BLUR_SIGMA_MIN': [0.0, 0.1],
          'SSL_COLOR_BRI_CON_SAT': [0.4, 0.4, 0.4],
          'SSL_COLOR_HUE': 0.1,
          'SSL_COLOR_JITTER': False,
          'SSL_MOCOV2_AUG': False,
          'STD': [0.225, 0.225, 0.225],
          'TARGET_FPS': 30,
          'TEST_CROP_SIZE': 224,
          'TIME_DIFF_PROB': 0.0,
          'TRAIN_CROP_NUM_SPATIAL': 1,
          'TRAIN_CROP_NUM_TEMPORAL': 1,
          'TRAIN_CROP_SIZE': 224,
          'TRAIN_JITTER_ASPECT_RELATIVE': [0.75, 1.3333],
          'TRAIN_JITTER_FPS': 0.0,
          'TRAIN_JITTER_MOTION_SHIFT': False,
          'TRAIN_JITTER_SCALES': [256, 320],
          'TRAIN_JITTER_SCALES_RELATIVE': [0.08, 1.0],
          'TRAIN_PCA_EIGVAL': [0.225, 0.224, 0.229],
          'TRAIN_PCA_EIGVEC': [[-0.5675, 0.7192, 0.4009],
                               [-0.5808, -0.0045, -0.814],
                               [-0.5836, -0.6948, 0.4203]],
          'USE_OFFSET_SAMPLING': False},
 'DATA_LOADER': {'ENABLE_MULTI_THREAD_DECODE': False,
                 'NUM_WORKERS': 4,
                 'PIN_MEMORY': True},
 'DEMO': {'BUFFER_SIZE': 0,
          'CLIP_VIS_SIZE': 10,
          'COMMON_CLASS_NAMES': ['watch (a person)',
                                 'talk to (e.g., self, a person, a group)',
                                 'listen to (a person)',
                                 'touch (an object)',
                                 'carry/hold (an object)',
                                 'walk',
                                 'sit',
                                 'lie/sleep',
                                 'bend/bow (at the waist)'],
          'COMMON_CLASS_THRES': 0.7,
          'DETECTRON2_CFG': 'COCO-Detection/faster_rcnn_R_50_FPN_3x.yaml',
          'DETECTRON2_THRESH': 0.9,
          'DETECTRON2_WEIGHTS': 'detectron2://COCO-Detection/faster_rcnn_R_50_FPN_3x/137849458/model_final_280758.pkl',
          'DISPLAY_HEIGHT': 0,
          'DISPLAY_WIDTH': 0,
          'ENABLE': False,
          'FPS': 30,
          'GT_BOXES': '',
          'INPUT_FORMAT': 'BGR',
          'INPUT_VIDEO': '',
          'LABEL_FILE_PATH': '',
          'NUM_CLIPS_SKIP': 0,
          'NUM_VIS_INSTANCES': 2,
          'OUTPUT_FILE': '',
          'OUTPUT_FPS': -1,
          'PREDS_BOXES': '',
          'SLOWMO': 1,
          'STARTING_SECOND': 900,
          'THREAD_ENABLE': False,
          'UNCOMMON_CLASS_THRES': 0.3,
          'VIS_MODE': 'thres',
          'WEBCAM': -1},
 'DETECTION': {'ALIGNED': True,
               'ENABLE': False,
               'ROI_XFORM_RESOLUTION': 7,
               'SPATIAL_SCALE_FACTOR': 16},
 'DIST_BACKEND': 'nccl',
 'LOG_MODEL_INFO': True,
 'LOG_PERIOD': 10,
 'MASK': {'DECODER_DEPTH': 0,
          'DECODER_EMBED_DIM': 512,
          'DECODER_SEP_POS_EMBED': False,
          'DEC_KV_KERNEL': [],
          'DEC_KV_STRIDE': [],
          'ENABLE': False,
          'HEAD_TYPE': 'separate',
          'MAE_ON': False,
          'MAE_RND_MASK': False,
          'NORM_PRED_PIXEL': True,
          'PER_FRAME_MASKING': False,
          'PRED_HOG': False,
          'PRETRAIN_DEPTH': [15],
          'SCALE_INIT_BY_DEPTH': False,
          'TIME_STRIDE_LOSS': True},
 'MIXUP': {'ALPHA': 0.8,
           'CUTMIX_ALPHA': 1.0,
           'ENABLE': False,
           'LABEL_SMOOTH_VALUE': 0.1,
           'PROB': 1.0,
           'SWITCH_PROB': 0.5},
 'MODEL': {'ACT_CHECKPOINT': False,
           'ARCH': 'mvit',
           'DETACH_FINAL_FC': False,
           'DROPCONNECT_RATE': 0.0,
           'DROPOUT_RATE': 0.5,
           'FC_INIT_STD': 0.01,
           'FP16_ALLREDUCE': False,
           'FROZEN_BN': False,
           'HEAD_ACT': 'softmax',
           'LOSS_FUNC': 'soft_cross_entropy',
           'MODEL_NAME': 'MViT',
           'MULTI_PATHWAY_ARCH': ['slowfast'],
           'NUM_CLASSES': 16,
           'SINGLE_PATHWAY_ARCH': ['2d',
                                   'c2d',
                                   'i3d',
                                   'slow',
                                   'x3d',
                                   'mvit',
                                   'maskmvit']},
 'MULTIGRID': {'BN_BASE_SIZE': 8,
               'DEFAULT_B': 0,
               'DEFAULT_S': 0,
               'DEFAULT_T': 0,
               'EPOCH_FACTOR': 1.5,
               'EVAL_FREQ': 3,
               'LONG_CYCLE': False,
               'LONG_CYCLE_FACTORS': [(0.25, 0.7071067811865476),
                                      (0.5, 0.7071067811865476),
                                      (0.5, 1),
                                      (1, 1)],
               'LONG_CYCLE_SAMPLING_RATE': 0,
               'SHORT_CYCLE': False,
               'SHORT_CYCLE_FACTORS': [0.5, 0.7071067811865476]},
 'MVIT': {'CLS_EMBED_ON': True,
          'DEPTH': 24,
          'DIM_MUL': [[2, 2.0], [5, 2.0], [21, 2.0]],
          'DIM_MUL_IN_ATT': True,
          'DROPOUT_RATE': 0.0,
          'DROPPATH_RATE': 0.3,
          'EMBED_DIM': 96,
          'HEAD_INIT_SCALE': 1.0,
          'HEAD_MUL': [[2, 2.0], [5, 2.0], [21, 2.0]],
          'LAYER_SCALE_INIT_VALUE': 0.0,
          'MLP_RATIO': 4.0,
          'MODE': 'conv',
          'NORM': 'layernorm',
          'NORM_STEM': False,
          'NUM_HEADS': 1,
          'PATCH_2D': False,
          'PATCH_KERNEL': [3, 7, 7],
          'PATCH_PADDING': [1, 3, 3],
          'PATCH_STRIDE': [2, 4, 4],
          'POOL_FIRST': False,
          'POOL_KVQ_KERNEL': [3, 3, 3],
          'POOL_KV_STRIDE': [],
          'POOL_KV_STRIDE_ADAPTIVE': [1, 8, 8],
          'POOL_Q_STRIDE': [[0, 1, 1, 1],
                            [1, 1, 1, 1],
                            [2, 1, 2, 2],
                            [3, 1, 1, 1],
                            [4, 1, 1, 1],
                            [5, 1, 2, 2],
                            [6, 1, 1, 1],
                            [7, 1, 1, 1],
                            [8, 1, 1, 1],
                            [9, 1, 1, 1],
                            [10, 1, 1, 1],
                            [11, 1, 1, 1],
                            [12, 1, 1, 1],
                            [13, 1, 1, 1],
                            [14, 1, 1, 1],
                            [15, 1, 1, 1],
                            [16, 1, 1, 1],
                            [17, 1, 1, 1],
                            [18, 1, 1, 1],
                            [19, 1, 1, 1],
                            [20, 1, 1, 1],
                            [21, 1, 2, 2],
                            [22, 1, 1, 1],
                            [23, 1, 1, 1]],
          'QKV_BIAS': True,
          'REL_POS_SPATIAL': True,
          'REL_POS_TEMPORAL': True,
          'REL_POS_ZERO_INIT': False,
          'RESIDUAL_POOLING': True,
          'REV': {'BUFFER_LAYERS': [],
                  'ENABLE': False,
                  'PRE_Q_FUSION': 'avg',
                  'RESPATH_FUSE': 'concat',
                  'RES_PATH': 'conv'},
          'SEPARATE_QKV': False,
          'SEP_POS_EMBED': False,
          'USE_ABS_POS': False,
          'USE_FIXED_SINCOS_POS': False,
          'USE_MEAN_POOLING': False,
          'ZERO_DECAY_POS_CLS': False},
 'NONLOCAL': {'GROUP': [[1], [1], [1], [1]],
              'INSTANTIATION': 'dot_product',
              'LOCATION': [[[]], [[]], [[]], [[]]],
              'POOL': [[[1, 2, 2], [1, 2, 2]],
                       [[1, 2, 2], [1, 2, 2]],
                       [[1, 2, 2], [1, 2, 2]],
                       [[1, 2, 2], [1, 2, 2]]]},
 'NUM_GPUS': 2,
 'NUM_SHARDS': 1,
 'OUTPUT_DIR': '.',
 'PROMPT': {'ENABLE': True,
            'GPU': None,
            'IMAGE_FOLDER': './visual_prompting/save/images/mvitv2-b_fixed_patch',
            'LEARNING_RATE': 0.1,
            'METHOD': 'multi_cam_noisecropv3',
            'MODEL_FOLDER': './visual_prompting/save/models/mvitv2-b_fixed_patch',
            'MOMENTUM': 0.9,
            'PRINT_GRADS': False,
            'PROMPT_SIZE': 30,
            'RESUME': None,
            'SELECTIVE_UPDATING': True,
            'START_EPOCH': 1,
            'WARMUP': 30,
            'WEIGHT_DECAY': 0.0001},
 'RESNET': {'DEPTH': 50,
            'INPLACE_RELU': True,
            'NUM_BLOCK_TEMP_KERNEL': [[3], [4], [6], [3]],
            'NUM_GROUPS': 1,
            'SPATIAL_DILATIONS': [[1], [1], [1], [1]],
            'SPATIAL_STRIDES': [[1], [2], [2], [2]],
            'STRIDE_1X1': False,
            'TRANS_FUNC': 'bottleneck_transform',
            'WIDTH_PER_GROUP': 64,
            'ZERO_INIT_FINAL_BN': False,
            'ZERO_INIT_FINAL_CONV': False},
 'RNG_SEED': 0,
 'SHARD_ID': 0,
 'SLOWFAST': {'ALPHA': 8,
              'BETA_INV': 8,
              'FUSION_CONV_CHANNEL_RATIO': 2,
              'FUSION_KERNEL_SZ': 5},
 'SOLVER': {'BASE_LR': 0.0002,
            'BASE_LR_SCALE_NUM_SHARDS': True,
            'BETAS': (0.9, 0.999),
            'CLIP_GRAD_L2NORM': 1.0,
            'CLIP_GRAD_VAL': None,
            'COSINE_AFTER_WARMUP': True,
            'COSINE_END_LR': 2e-06,
            'DAMPENING': 0.0,
            'GAMMA': 0.1,
            'LARS_ON': False,
            'LAYER_DECAY': 1.0,
            'LRS': [],
            'LR_POLICY': 'cosine',
            'MAX_EPOCH': 200,
            'MOMENTUM': 0.9,
            'NESTEROV': True,
            'OPTIMIZING_METHOD': 'adamw',
            'STEPS': [],
            'STEP_SIZE': 1,
            'WARMUP_EPOCHS': 30.0,
            'WARMUP_FACTOR': 0.1,
            'WARMUP_START_LR': 2e-06,
            'WEIGHT_DECAY': 0.0001,
            'ZERO_WD_1D_PARAM': True},
 'TASK': '',
 'TENSORBOARD': {'CATEGORIES_PATH': '',
                 'CLASS_NAMES_PATH': '',
                 'CONFUSION_MATRIX': {'ENABLE': False,
                                      'FIGSIZE': [8, 8],
                                      'SUBSET_PATH': ''},
                 'ENABLE': False,
                 'HISTOGRAM': {'ENABLE': False,
                               'FIGSIZE': [8, 8],
                               'SUBSET_PATH': '',
                               'TOPK': 10},
                 'LOG_DIR': '',
                 'MODEL_VIS': {'ACTIVATIONS': False,
                               'COLORMAP': 'Pastel2',
                               'ENABLE': False,
                               'GRAD_CAM': {'COLORMAP': 'viridis',
                                            'ENABLE': True,
                                            'LAYER_LIST': [],
                                            'USE_TRUE_LABEL': False},
                               'INPUT_VIDEO': False,
                               'LAYER_LIST': [],
                               'MODEL_WEIGHTS': False,
                               'TOPK_PREDS': 1},
                 'PREDICTIONS_PATH': '',
                 'WRONG_PRED_VIS': {'ENABLE': False,
                                    'SUBSET_PATH': '',
                                    'TAG': 'Incorrectly classified videos.'}},
 'TEST': {'BATCH_SIZE': 2,
          'CHECKPOINT_FILE_PATH': '',
          'CHECKPOINT_TYPE': 'pytorch',
          'DATASET': 'kinetics',
          'ENABLE': False,
          'NUM_ENSEMBLE_VIEWS': 5,
          'NUM_SPATIAL_CROPS': 1,
          'NUM_TEMPORAL_CLIPS': [],
          'SAVE_RESULTS_PATH': ''},
 'TRAIN': {'AUTO_RESUME': True,
           'BATCH_SIZE': 16,
           'CHECKPOINT_CLEAR_NAME_PATTERN': (),
           'CHECKPOINT_EPOCH_RESET': True,
           'CHECKPOINT_FILE_PATH': 'checkpoints/MViTv2_B_32x3_k400_f304025456.pyth',
           'CHECKPOINT_INFLATE': False,
           'CHECKPOINT_IN_INIT': False,
           'CHECKPOINT_PERIOD': 20,
           'CHECKPOINT_TYPE': 'pytorch',
           'DATASET': 'kinetics',
           'ENABLE': True,
           'EVAL_PERIOD': 2,
           'KILL_LOSS_EXPLOSION_FACTOR': 0.0,
           'MIXED_PRECISION': False},
 'VIS_MASK': CfgNode({'ENABLE': False}),
 'X3D': {'BN_LIN5': False,
         'BOTTLENECK_FACTOR': 1.0,
         'CHANNELWISE_3x3x3': True,
         'DEPTH_FACTOR': 1.0,
         'DIM_C1': 12,
         'DIM_C5': 2048,
         'SCALE_RES2': False,
         'WIDTH_FACTOR': 1.0}}
[07/14 21:09:13][INFO] misc.py:  185: Model:
DistributedDataParallel(
  (module): MViT(
    (patch_embed): PatchEmbed(
      (proj): Conv3d(3, 96, kernel_size=(3, 7, 7), stride=(2, 4, 4), padding=(1, 3, 3))
    )
    (blocks): ModuleList(
      (0): MultiScaleBlock(
        (norm1): LayerNorm((96,), eps=1e-06, elementwise_affine=True)
        (attn): MultiScaleAttention(
          (qkv): Linear(in_features=96, out_features=288, bias=True)
          (proj): Linear(in_features=96, out_features=96, bias=True)
          (pool_q): Conv3d(96, 96, kernel_size=(3, 3, 3), stride=(1, 1, 1), padding=(1, 1, 1), groups=96, bias=False)
          (norm_q): LayerNorm((96,), eps=1e-06, elementwise_affine=True)
          (pool_k): Conv3d(96, 96, kernel_size=(3, 3, 3), stride=(1, 8, 8), padding=(1, 1, 1), groups=96, bias=False)
          (norm_k): LayerNorm((96,), eps=1e-06, elementwise_affine=True)
          (pool_v): Conv3d(96, 96, kernel_size=(3, 3, 3), stride=(1, 8, 8), padding=(1, 1, 1), groups=96, bias=False)
          (norm_v): LayerNorm((96,), eps=1e-06, elementwise_affine=True)
        )
        (drop_path): Identity()
        (norm2): LayerNorm((96,), eps=1e-06, elementwise_affine=True)
        (mlp): Mlp(
          (fc1): Linear(in_features=96, out_features=384, bias=True)
          (act): GELU(approximate='none')
          (fc2): Linear(in_features=384, out_features=96, bias=True)
        )
      )
      (1): MultiScaleBlock(
        (norm1): LayerNorm((96,), eps=1e-06, elementwise_affine=True)
        (attn): MultiScaleAttention(
          (qkv): Linear(in_features=96, out_features=288, bias=True)
          (proj): Linear(in_features=96, out_features=96, bias=True)
          (pool_q): Conv3d(96, 96, kernel_size=(3, 3, 3), stride=(1, 1, 1), padding=(1, 1, 1), groups=96, bias=False)
          (norm_q): LayerNorm((96,), eps=1e-06, elementwise_affine=True)
          (pool_k): Conv3d(96, 96, kernel_size=(3, 3, 3), stride=(1, 8, 8), padding=(1, 1, 1), groups=96, bias=False)
          (norm_k): LayerNorm((96,), eps=1e-06, elementwise_affine=True)
          (pool_v): Conv3d(96, 96, kernel_size=(3, 3, 3), stride=(1, 8, 8), padding=(1, 1, 1), groups=96, bias=False)
          (norm_v): LayerNorm((96,), eps=1e-06, elementwise_affine=True)
        )
        (drop_path): DropPath()
        (norm2): LayerNorm((96,), eps=1e-06, elementwise_affine=True)
        (mlp): Mlp(
          (fc1): Linear(in_features=96, out_features=384, bias=True)
          (act): GELU(approximate='none')
          (fc2): Linear(in_features=384, out_features=96, bias=True)
        )
      )
      (2): MultiScaleBlock(
        (norm1): LayerNorm((96,), eps=1e-06, elementwise_affine=True)
        (attn): MultiScaleAttention(
          (qkv): Linear(in_features=96, out_features=576, bias=True)
          (proj): Linear(in_features=192, out_features=192, bias=True)
          (pool_q): Conv3d(96, 96, kernel_size=(3, 3, 3), stride=(1, 2, 2), padding=(1, 1, 1), groups=96, bias=False)
          (norm_q): LayerNorm((96,), eps=1e-06, elementwise_affine=True)
          (pool_k): Conv3d(96, 96, kernel_size=(3, 3, 3), stride=(1, 4, 4), padding=(1, 1, 1), groups=96, bias=False)
          (norm_k): LayerNorm((96,), eps=1e-06, elementwise_affine=True)
          (pool_v): Conv3d(96, 96, kernel_size=(3, 3, 3), stride=(1, 4, 4), padding=(1, 1, 1), groups=96, bias=False)
          (norm_v): LayerNorm((96,), eps=1e-06, elementwise_affine=True)
        )
        (drop_path): DropPath()
        (norm2): LayerNorm((192,), eps=1e-06, elementwise_affine=True)
        (mlp): Mlp(
          (fc1): Linear(in_features=192, out_features=768, bias=True)
          (act): GELU(approximate='none')
          (fc2): Linear(in_features=768, out_features=192, bias=True)
        )
        (proj): Linear(in_features=96, out_features=192, bias=True)
        (pool_skip): MaxPool3d(kernel_size=[1, 3, 3], stride=[1, 2, 2], padding=[0, 1, 1], dilation=1, ceil_mode=False)
      )
      (3): MultiScaleBlock(
        (norm1): LayerNorm((192,), eps=1e-06, elementwise_affine=True)
        (attn): MultiScaleAttention(
          (qkv): Linear(in_features=192, out_features=576, bias=True)
          (proj): Linear(in_features=192, out_features=192, bias=True)
          (pool_q): Conv3d(96, 96, kernel_size=(3, 3, 3), stride=(1, 1, 1), padding=(1, 1, 1), groups=96, bias=False)
          (norm_q): LayerNorm((96,), eps=1e-06, elementwise_affine=True)
          (pool_k): Conv3d(96, 96, kernel_size=(3, 3, 3), stride=(1, 4, 4), padding=(1, 1, 1), groups=96, bias=False)
          (norm_k): LayerNorm((96,), eps=1e-06, elementwise_affine=True)
          (pool_v): Conv3d(96, 96, kernel_size=(3, 3, 3), stride=(1, 4, 4), padding=(1, 1, 1), groups=96, bias=False)
          (norm_v): LayerNorm((96,), eps=1e-06, elementwise_affine=True)
        )
        (drop_path): DropPath()
        (norm2): LayerNorm((192,), eps=1e-06, elementwise_affine=True)
        (mlp): Mlp(
          (fc1): Linear(in_features=192, out_features=768, bias=True)
          (act): GELU(approximate='none')
          (fc2): Linear(in_features=768, out_features=192, bias=True)
        )
      )
      (4): MultiScaleBlock(
        (norm1): LayerNorm((192,), eps=1e-06, elementwise_affine=True)
        (attn): MultiScaleAttention(
          (qkv): Linear(in_features=192, out_features=576, bias=True)
          (proj): Linear(in_features=192, out_features=192, bias=True)
          (pool_q): Conv3d(96, 96, kernel_size=(3, 3, 3), stride=(1, 1, 1), padding=(1, 1, 1), groups=96, bias=False)
          (norm_q): LayerNorm((96,), eps=1e-06, elementwise_affine=True)
          (pool_k): Conv3d(96, 96, kernel_size=(3, 3, 3), stride=(1, 4, 4), padding=(1, 1, 1), groups=96, bias=False)
          (norm_k): LayerNorm((96,), eps=1e-06, elementwise_affine=True)
          (pool_v): Conv3d(96, 96, kernel_size=(3, 3, 3), stride=(1, 4, 4), padding=(1, 1, 1), groups=96, bias=False)
          (norm_v): LayerNorm((96,), eps=1e-06, elementwise_affine=True)
        )
        (drop_path): DropPath()
        (norm2): LayerNorm((192,), eps=1e-06, elementwise_affine=True)
        (mlp): Mlp(
          (fc1): Linear(in_features=192, out_features=768, bias=True)
          (act): GELU(approximate='none')
          (fc2): Linear(in_features=768, out_features=192, bias=True)
        )
      )
      (5): MultiScaleBlock(
        (norm1): LayerNorm((192,), eps=1e-06, elementwise_affine=True)
        (attn): MultiScaleAttention(
          (qkv): Linear(in_features=192, out_features=1152, bias=True)
          (proj): Linear(in_features=384, out_features=384, bias=True)
          (pool_q): Conv3d(96, 96, kernel_size=(3, 3, 3), stride=(1, 2, 2), padding=(1, 1, 1), groups=96, bias=False)
          (norm_q): LayerNorm((96,), eps=1e-06, elementwise_affine=True)
          (pool_k): Conv3d(96, 96, kernel_size=(3, 3, 3), stride=(1, 2, 2), padding=(1, 1, 1), groups=96, bias=False)
          (norm_k): LayerNorm((96,), eps=1e-06, elementwise_affine=True)
          (pool_v): Conv3d(96, 96, kernel_size=(3, 3, 3), stride=(1, 2, 2), padding=(1, 1, 1), groups=96, bias=False)
          (norm_v): LayerNorm((96,), eps=1e-06, elementwise_affine=True)
        )
        (drop_path): DropPath()
        (norm2): LayerNorm((384,), eps=1e-06, elementwise_affine=True)
        (mlp): Mlp(
          (fc1): Linear(in_features=384, out_features=1536, bias=True)
          (act): GELU(approximate='none')
          (fc2): Linear(in_features=1536, out_features=384, bias=True)
        )
        (proj): Linear(in_features=192, out_features=384, bias=True)
        (pool_skip): MaxPool3d(kernel_size=[1, 3, 3], stride=[1, 2, 2], padding=[0, 1, 1], dilation=1, ceil_mode=False)
      )
      (6): MultiScaleBlock(
        (norm1): LayerNorm((384,), eps=1e-06, elementwise_affine=True)
        (attn): MultiScaleAttention(
          (qkv): Linear(in_features=384, out_features=1152, bias=True)
          (proj): Linear(in_features=384, out_features=384, bias=True)
          (pool_q): Conv3d(96, 96, kernel_size=(3, 3, 3), stride=(1, 1, 1), padding=(1, 1, 1), groups=96, bias=False)
          (norm_q): LayerNorm((96,), eps=1e-06, elementwise_affine=True)
          (pool_k): Conv3d(96, 96, kernel_size=(3, 3, 3), stride=(1, 2, 2), padding=(1, 1, 1), groups=96, bias=False)
          (norm_k): LayerNorm((96,), eps=1e-06, elementwise_affine=True)
          (pool_v): Conv3d(96, 96, kernel_size=(3, 3, 3), stride=(1, 2, 2), padding=(1, 1, 1), groups=96, bias=False)
          (norm_v): LayerNorm((96,), eps=1e-06, elementwise_affine=True)
        )
        (drop_path): DropPath()
        (norm2): LayerNorm((384,), eps=1e-06, elementwise_affine=True)
        (mlp): Mlp(
          (fc1): Linear(in_features=384, out_features=1536, bias=True)
          (act): GELU(approximate='none')
          (fc2): Linear(in_features=1536, out_features=384, bias=True)
        )
      )
      (7): MultiScaleBlock(
        (norm1): LayerNorm((384,), eps=1e-06, elementwise_affine=True)
        (attn): MultiScaleAttention(
          (qkv): Linear(in_features=384, out_features=1152, bias=True)
          (proj): Linear(in_features=384, out_features=384, bias=True)
          (pool_q): Conv3d(96, 96, kernel_size=(3, 3, 3), stride=(1, 1, 1), padding=(1, 1, 1), groups=96, bias=False)
          (norm_q): LayerNorm((96,), eps=1e-06, elementwise_affine=True)
          (pool_k): Conv3d(96, 96, kernel_size=(3, 3, 3), stride=(1, 2, 2), padding=(1, 1, 1), groups=96, bias=False)
          (norm_k): LayerNorm((96,), eps=1e-06, elementwise_affine=True)
          (pool_v): Conv3d(96, 96, kernel_size=(3, 3, 3), stride=(1, 2, 2), padding=(1, 1, 1), groups=96, bias=False)
          (norm_v): LayerNorm((96,), eps=1e-06, elementwise_affine=True)
        )
        (drop_path): DropPath()
        (norm2): LayerNorm((384,), eps=1e-06, elementwise_affine=True)
        (mlp): Mlp(
          (fc1): Linear(in_features=384, out_features=1536, bias=True)
          (act): GELU(approximate='none')
          (fc2): Linear(in_features=1536, out_features=384, bias=True)
        )
      )
      (8): MultiScaleBlock(
        (norm1): LayerNorm((384,), eps=1e-06, elementwise_affine=True)
        (attn): MultiScaleAttention(
          (qkv): Linear(in_features=384, out_features=1152, bias=True)
          (proj): Linear(in_features=384, out_features=384, bias=True)
          (pool_q): Conv3d(96, 96, kernel_size=(3, 3, 3), stride=(1, 1, 1), padding=(1, 1, 1), groups=96, bias=False)
          (norm_q): LayerNorm((96,), eps=1e-06, elementwise_affine=True)
          (pool_k): Conv3d(96, 96, kernel_size=(3, 3, 3), stride=(1, 2, 2), padding=(1, 1, 1), groups=96, bias=False)
          (norm_k): LayerNorm((96,), eps=1e-06, elementwise_affine=True)
          (pool_v): Conv3d(96, 96, kernel_size=(3, 3, 3), stride=(1, 2, 2), padding=(1, 1, 1), groups=96, bias=False)
          (norm_v): LayerNorm((96,), eps=1e-06, elementwise_affine=True)
        )
        (drop_path): DropPath()
        (norm2): LayerNorm((384,), eps=1e-06, elementwise_affine=True)
        (mlp): Mlp(
          (fc1): Linear(in_features=384, out_features=1536, bias=True)
          (act): GELU(approximate='none')
          (fc2): Linear(in_features=1536, out_features=384, bias=True)
        )
      )
      (9): MultiScaleBlock(
        (norm1): LayerNorm((384,), eps=1e-06, elementwise_affine=True)
        (attn): MultiScaleAttention(
          (qkv): Linear(in_features=384, out_features=1152, bias=True)
          (proj): Linear(in_features=384, out_features=384, bias=True)
          (pool_q): Conv3d(96, 96, kernel_size=(3, 3, 3), stride=(1, 1, 1), padding=(1, 1, 1), groups=96, bias=False)
          (norm_q): LayerNorm((96,), eps=1e-06, elementwise_affine=True)
          (pool_k): Conv3d(96, 96, kernel_size=(3, 3, 3), stride=(1, 2, 2), padding=(1, 1, 1), groups=96, bias=False)
          (norm_k): LayerNorm((96,), eps=1e-06, elementwise_affine=True)
          (pool_v): Conv3d(96, 96, kernel_size=(3, 3, 3), stride=(1, 2, 2), padding=(1, 1, 1), groups=96, bias=False)
          (norm_v): LayerNorm((96,), eps=1e-06, elementwise_affine=True)
        )
        (drop_path): DropPath()
        (norm2): LayerNorm((384,), eps=1e-06, elementwise_affine=True)
        (mlp): Mlp(
          (fc1): Linear(in_features=384, out_features=1536, bias=True)
          (act): GELU(approximate='none')
          (fc2): Linear(in_features=1536, out_features=384, bias=True)
        )
      )
      (10): MultiScaleBlock(
        (norm1): LayerNorm((384,), eps=1e-06, elementwise_affine=True)
        (attn): MultiScaleAttention(
          (qkv): Linear(in_features=384, out_features=1152, bias=True)
          (proj): Linear(in_features=384, out_features=384, bias=True)
          (pool_q): Conv3d(96, 96, kernel_size=(3, 3, 3), stride=(1, 1, 1), padding=(1, 1, 1), groups=96, bias=False)
          (norm_q): LayerNorm((96,), eps=1e-06, elementwise_affine=True)
          (pool_k): Conv3d(96, 96, kernel_size=(3, 3, 3), stride=(1, 2, 2), padding=(1, 1, 1), groups=96, bias=False)
          (norm_k): LayerNorm((96,), eps=1e-06, elementwise_affine=True)
          (pool_v): Conv3d(96, 96, kernel_size=(3, 3, 3), stride=(1, 2, 2), padding=(1, 1, 1), groups=96, bias=False)
          (norm_v): LayerNorm((96,), eps=1e-06, elementwise_affine=True)
        )
        (drop_path): DropPath()
        (norm2): LayerNorm((384,), eps=1e-06, elementwise_affine=True)
        (mlp): Mlp(
          (fc1): Linear(in_features=384, out_features=1536, bias=True)
          (act): GELU(approximate='none')
          (fc2): Linear(in_features=1536, out_features=384, bias=True)
        )
      )
      (11): MultiScaleBlock(
        (norm1): LayerNorm((384,), eps=1e-06, elementwise_affine=True)
        (attn): MultiScaleAttention(
          (qkv): Linear(in_features=384, out_features=1152, bias=True)
          (proj): Linear(in_features=384, out_features=384, bias=True)
          (pool_q): Conv3d(96, 96, kernel_size=(3, 3, 3), stride=(1, 1, 1), padding=(1, 1, 1), groups=96, bias=False)
          (norm_q): LayerNorm((96,), eps=1e-06, elementwise_affine=True)
          (pool_k): Conv3d(96, 96, kernel_size=(3, 3, 3), stride=(1, 2, 2), padding=(1, 1, 1), groups=96, bias=False)
          (norm_k): LayerNorm((96,), eps=1e-06, elementwise_affine=True)
          (pool_v): Conv3d(96, 96, kernel_size=(3, 3, 3), stride=(1, 2, 2), padding=(1, 1, 1), groups=96, bias=False)
          (norm_v): LayerNorm((96,), eps=1e-06, elementwise_affine=True)
        )
        (drop_path): DropPath()
        (norm2): LayerNorm((384,), eps=1e-06, elementwise_affine=True)
        (mlp): Mlp(
          (fc1): Linear(in_features=384, out_features=1536, bias=True)
          (act): GELU(approximate='none')
          (fc2): Linear(in_features=1536, out_features=384, bias=True)
        )
      )
      (12): MultiScaleBlock(
        (norm1): LayerNorm((384,), eps=1e-06, elementwise_affine=True)
        (attn): MultiScaleAttention(
          (qkv): Linear(in_features=384, out_features=1152, bias=True)
          (proj): Linear(in_features=384, out_features=384, bias=True)
          (pool_q): Conv3d(96, 96, kernel_size=(3, 3, 3), stride=(1, 1, 1), padding=(1, 1, 1), groups=96, bias=False)
          (norm_q): LayerNorm((96,), eps=1e-06, elementwise_affine=True)
          (pool_k): Conv3d(96, 96, kernel_size=(3, 3, 3), stride=(1, 2, 2), padding=(1, 1, 1), groups=96, bias=False)
          (norm_k): LayerNorm((96,), eps=1e-06, elementwise_affine=True)
          (pool_v): Conv3d(96, 96, kernel_size=(3, 3, 3), stride=(1, 2, 2), padding=(1, 1, 1), groups=96, bias=False)
          (norm_v): LayerNorm((96,), eps=1e-06, elementwise_affine=True)
        )
        (drop_path): DropPath()
        (norm2): LayerNorm((384,), eps=1e-06, elementwise_affine=True)
        (mlp): Mlp(
          (fc1): Linear(in_features=384, out_features=1536, bias=True)
          (act): GELU(approximate='none')
          (fc2): Linear(in_features=1536, out_features=384, bias=True)
        )
      )
      (13): MultiScaleBlock(
        (norm1): LayerNorm((384,), eps=1e-06, elementwise_affine=True)
        (attn): MultiScaleAttention(
          (qkv): Linear(in_features=384, out_features=1152, bias=True)
          (proj): Linear(in_features=384, out_features=384, bias=True)
          (pool_q): Conv3d(96, 96, kernel_size=(3, 3, 3), stride=(1, 1, 1), padding=(1, 1, 1), groups=96, bias=False)
          (norm_q): LayerNorm((96,), eps=1e-06, elementwise_affine=True)
          (pool_k): Conv3d(96, 96, kernel_size=(3, 3, 3), stride=(1, 2, 2), padding=(1, 1, 1), groups=96, bias=False)
          (norm_k): LayerNorm((96,), eps=1e-06, elementwise_affine=True)
          (pool_v): Conv3d(96, 96, kernel_size=(3, 3, 3), stride=(1, 2, 2), padding=(1, 1, 1), groups=96, bias=False)
          (norm_v): LayerNorm((96,), eps=1e-06, elementwise_affine=True)
        )
        (drop_path): DropPath()
        (norm2): LayerNorm((384,), eps=1e-06, elementwise_affine=True)
        (mlp): Mlp(
          (fc1): Linear(in_features=384, out_features=1536, bias=True)
          (act): GELU(approximate='none')
          (fc2): Linear(in_features=1536, out_features=384, bias=True)
        )
      )
      (14): MultiScaleBlock(
        (norm1): LayerNorm((384,), eps=1e-06, elementwise_affine=True)
        (attn): MultiScaleAttention(
          (qkv): Linear(in_features=384, out_features=1152, bias=True)
          (proj): Linear(in_features=384, out_features=384, bias=True)
          (pool_q): Conv3d(96, 96, kernel_size=(3, 3, 3), stride=(1, 1, 1), padding=(1, 1, 1), groups=96, bias=False)
          (norm_q): LayerNorm((96,), eps=1e-06, elementwise_affine=True)
          (pool_k): Conv3d(96, 96, kernel_size=(3, 3, 3), stride=(1, 2, 2), padding=(1, 1, 1), groups=96, bias=False)
          (norm_k): LayerNorm((96,), eps=1e-06, elementwise_affine=True)
          (pool_v): Conv3d(96, 96, kernel_size=(3, 3, 3), stride=(1, 2, 2), padding=(1, 1, 1), groups=96, bias=False)
          (norm_v): LayerNorm((96,), eps=1e-06, elementwise_affine=True)
        )
        (drop_path): DropPath()
        (norm2): LayerNorm((384,), eps=1e-06, elementwise_affine=True)
        (mlp): Mlp(
          (fc1): Linear(in_features=384, out_features=1536, bias=True)
          (act): GELU(approximate='none')
          (fc2): Linear(in_features=1536, out_features=384, bias=True)
        )
      )
      (15): MultiScaleBlock(
        (norm1): LayerNorm((384,), eps=1e-06, elementwise_affine=True)
        (attn): MultiScaleAttention(
          (qkv): Linear(in_features=384, out_features=1152, bias=True)
          (proj): Linear(in_features=384, out_features=384, bias=True)
          (pool_q): Conv3d(96, 96, kernel_size=(3, 3, 3), stride=(1, 1, 1), padding=(1, 1, 1), groups=96, bias=False)
          (norm_q): LayerNorm((96,), eps=1e-06, elementwise_affine=True)
          (pool_k): Conv3d(96, 96, kernel_size=(3, 3, 3), stride=(1, 2, 2), padding=(1, 1, 1), groups=96, bias=False)
          (norm_k): LayerNorm((96,), eps=1e-06, elementwise_affine=True)
          (pool_v): Conv3d(96, 96, kernel_size=(3, 3, 3), stride=(1, 2, 2), padding=(1, 1, 1), groups=96, bias=False)
          (norm_v): LayerNorm((96,), eps=1e-06, elementwise_affine=True)
        )
        (drop_path): DropPath()
        (norm2): LayerNorm((384,), eps=1e-06, elementwise_affine=True)
        (mlp): Mlp(
          (fc1): Linear(in_features=384, out_features=1536, bias=True)
          (act): GELU(approximate='none')
          (fc2): Linear(in_features=1536, out_features=384, bias=True)
        )
      )
      (16): MultiScaleBlock(
        (norm1): LayerNorm((384,), eps=1e-06, elementwise_affine=True)
        (attn): MultiScaleAttention(
          (qkv): Linear(in_features=384, out_features=1152, bias=True)
          (proj): Linear(in_features=384, out_features=384, bias=True)
          (pool_q): Conv3d(96, 96, kernel_size=(3, 3, 3), stride=(1, 1, 1), padding=(1, 1, 1), groups=96, bias=False)
          (norm_q): LayerNorm((96,), eps=1e-06, elementwise_affine=True)
          (pool_k): Conv3d(96, 96, kernel_size=(3, 3, 3), stride=(1, 2, 2), padding=(1, 1, 1), groups=96, bias=False)
          (norm_k): LayerNorm((96,), eps=1e-06, elementwise_affine=True)
          (pool_v): Conv3d(96, 96, kernel_size=(3, 3, 3), stride=(1, 2, 2), padding=(1, 1, 1), groups=96, bias=False)
          (norm_v): LayerNorm((96,), eps=1e-06, elementwise_affine=True)
        )
        (drop_path): DropPath()
        (norm2): LayerNorm((384,), eps=1e-06, elementwise_affine=True)
        (mlp): Mlp(
          (fc1): Linear(in_features=384, out_features=1536, bias=True)
          (act): GELU(approximate='none')
          (fc2): Linear(in_features=1536, out_features=384, bias=True)
        )
      )
      (17): MultiScaleBlock(
        (norm1): LayerNorm((384,), eps=1e-06, elementwise_affine=True)
        (attn): MultiScaleAttention(
          (qkv): Linear(in_features=384, out_features=1152, bias=True)
          (proj): Linear(in_features=384, out_features=384, bias=True)
          (pool_q): Conv3d(96, 96, kernel_size=(3, 3, 3), stride=(1, 1, 1), padding=(1, 1, 1), groups=96, bias=False)
          (norm_q): LayerNorm((96,), eps=1e-06, elementwise_affine=True)
          (pool_k): Conv3d(96, 96, kernel_size=(3, 3, 3), stride=(1, 2, 2), padding=(1, 1, 1), groups=96, bias=False)
          (norm_k): LayerNorm((96,), eps=1e-06, elementwise_affine=True)
          (pool_v): Conv3d(96, 96, kernel_size=(3, 3, 3), stride=(1, 2, 2), padding=(1, 1, 1), groups=96, bias=False)
          (norm_v): LayerNorm((96,), eps=1e-06, elementwise_affine=True)
        )
        (drop_path): DropPath()
        (norm2): LayerNorm((384,), eps=1e-06, elementwise_affine=True)
        (mlp): Mlp(
          (fc1): Linear(in_features=384, out_features=1536, bias=True)
          (act): GELU(approximate='none')
          (fc2): Linear(in_features=1536, out_features=384, bias=True)
        )
      )
      (18): MultiScaleBlock(
        (norm1): LayerNorm((384,), eps=1e-06, elementwise_affine=True)
        (attn): MultiScaleAttention(
          (qkv): Linear(in_features=384, out_features=1152, bias=True)
          (proj): Linear(in_features=384, out_features=384, bias=True)
          (pool_q): Conv3d(96, 96, kernel_size=(3, 3, 3), stride=(1, 1, 1), padding=(1, 1, 1), groups=96, bias=False)
          (norm_q): LayerNorm((96,), eps=1e-06, elementwise_affine=True)
          (pool_k): Conv3d(96, 96, kernel_size=(3, 3, 3), stride=(1, 2, 2), padding=(1, 1, 1), groups=96, bias=False)
          (norm_k): LayerNorm((96,), eps=1e-06, elementwise_affine=True)
          (pool_v): Conv3d(96, 96, kernel_size=(3, 3, 3), stride=(1, 2, 2), padding=(1, 1, 1), groups=96, bias=False)
          (norm_v): LayerNorm((96,), eps=1e-06, elementwise_affine=True)
        )
        (drop_path): DropPath()
        (norm2): LayerNorm((384,), eps=1e-06, elementwise_affine=True)
        (mlp): Mlp(
          (fc1): Linear(in_features=384, out_features=1536, bias=True)
          (act): GELU(approximate='none')
          (fc2): Linear(in_features=1536, out_features=384, bias=True)
        )
      )
      (19): MultiScaleBlock(
        (norm1): LayerNorm((384,), eps=1e-06, elementwise_affine=True)
        (attn): MultiScaleAttention(
          (qkv): Linear(in_features=384, out_features=1152, bias=True)
          (proj): Linear(in_features=384, out_features=384, bias=True)
          (pool_q): Conv3d(96, 96, kernel_size=(3, 3, 3), stride=(1, 1, 1), padding=(1, 1, 1), groups=96, bias=False)
          (norm_q): LayerNorm((96,), eps=1e-06, elementwise_affine=True)
          (pool_k): Conv3d(96, 96, kernel_size=(3, 3, 3), stride=(1, 2, 2), padding=(1, 1, 1), groups=96, bias=False)
          (norm_k): LayerNorm((96,), eps=1e-06, elementwise_affine=True)
          (pool_v): Conv3d(96, 96, kernel_size=(3, 3, 3), stride=(1, 2, 2), padding=(1, 1, 1), groups=96, bias=False)
          (norm_v): LayerNorm((96,), eps=1e-06, elementwise_affine=True)
        )
        (drop_path): DropPath()
        (norm2): LayerNorm((384,), eps=1e-06, elementwise_affine=True)
        (mlp): Mlp(
          (fc1): Linear(in_features=384, out_features=1536, bias=True)
          (act): GELU(approximate='none')
          (fc2): Linear(in_features=1536, out_features=384, bias=True)
        )
      )
      (20): MultiScaleBlock(
        (norm1): LayerNorm((384,), eps=1e-06, elementwise_affine=True)
        (attn): MultiScaleAttention(
          (qkv): Linear(in_features=384, out_features=1152, bias=True)
          (proj): Linear(in_features=384, out_features=384, bias=True)
          (pool_q): Conv3d(96, 96, kernel_size=(3, 3, 3), stride=(1, 1, 1), padding=(1, 1, 1), groups=96, bias=False)
          (norm_q): LayerNorm((96,), eps=1e-06, elementwise_affine=True)
          (pool_k): Conv3d(96, 96, kernel_size=(3, 3, 3), stride=(1, 2, 2), padding=(1, 1, 1), groups=96, bias=False)
          (norm_k): LayerNorm((96,), eps=1e-06, elementwise_affine=True)
          (pool_v): Conv3d(96, 96, kernel_size=(3, 3, 3), stride=(1, 2, 2), padding=(1, 1, 1), groups=96, bias=False)
          (norm_v): LayerNorm((96,), eps=1e-06, elementwise_affine=True)
        )
        (drop_path): DropPath()
        (norm2): LayerNorm((384,), eps=1e-06, elementwise_affine=True)
        (mlp): Mlp(
          (fc1): Linear(in_features=384, out_features=1536, bias=True)
          (act): GELU(approximate='none')
          (fc2): Linear(in_features=1536, out_features=384, bias=True)
        )
      )
      (21): MultiScaleBlock(
        (norm1): LayerNorm((384,), eps=1e-06, elementwise_affine=True)
        (attn): MultiScaleAttention(
          (qkv): Linear(in_features=384, out_features=2304, bias=True)
          (proj): Linear(in_features=768, out_features=768, bias=True)
          (pool_q): Conv3d(96, 96, kernel_size=(3, 3, 3), stride=(1, 2, 2), padding=(1, 1, 1), groups=96, bias=False)
          (norm_q): LayerNorm((96,), eps=1e-06, elementwise_affine=True)
          (pool_k): Conv3d(96, 96, kernel_size=(3, 3, 3), stride=(1, 1, 1), padding=(1, 1, 1), groups=96, bias=False)
          (norm_k): LayerNorm((96,), eps=1e-06, elementwise_affine=True)
          (pool_v): Conv3d(96, 96, kernel_size=(3, 3, 3), stride=(1, 1, 1), padding=(1, 1, 1), groups=96, bias=False)
          (norm_v): LayerNorm((96,), eps=1e-06, elementwise_affine=True)
        )
        (drop_path): DropPath()
        (norm2): LayerNorm((768,), eps=1e-06, elementwise_affine=True)
        (mlp): Mlp(
          (fc1): Linear(in_features=768, out_features=3072, bias=True)
          (act): GELU(approximate='none')
          (fc2): Linear(in_features=3072, out_features=768, bias=True)
        )
        (proj): Linear(in_features=384, out_features=768, bias=True)
        (pool_skip): MaxPool3d(kernel_size=[1, 3, 3], stride=[1, 2, 2], padding=[0, 1, 1], dilation=1, ceil_mode=False)
      )
      (22): MultiScaleBlock(
        (norm1): LayerNorm((768,), eps=1e-06, elementwise_affine=True)
        (attn): MultiScaleAttention(
          (qkv): Linear(in_features=768, out_features=2304, bias=True)
          (proj): Linear(in_features=768, out_features=768, bias=True)
          (pool_q): Conv3d(96, 96, kernel_size=(3, 3, 3), stride=(1, 1, 1), padding=(1, 1, 1), groups=96, bias=False)
          (norm_q): LayerNorm((96,), eps=1e-06, elementwise_affine=True)
          (pool_k): Conv3d(96, 96, kernel_size=(3, 3, 3), stride=(1, 1, 1), padding=(1, 1, 1), groups=96, bias=False)
          (norm_k): LayerNorm((96,), eps=1e-06, elementwise_affine=True)
          (pool_v): Conv3d(96, 96, kernel_size=(3, 3, 3), stride=(1, 1, 1), padding=(1, 1, 1), groups=96, bias=False)
          (norm_v): LayerNorm((96,), eps=1e-06, elementwise_affine=True)
        )
        (drop_path): DropPath()
        (norm2): LayerNorm((768,), eps=1e-06, elementwise_affine=True)
        (mlp): Mlp(
          (fc1): Linear(in_features=768, out_features=3072, bias=True)
          (act): GELU(approximate='none')
          (fc2): Linear(in_features=3072, out_features=768, bias=True)
        )
      )
      (23): MultiScaleBlock(
        (norm1): LayerNorm((768,), eps=1e-06, elementwise_affine=True)
        (attn): MultiScaleAttention(
          (qkv): Linear(in_features=768, out_features=2304, bias=True)
          (proj): Linear(in_features=768, out_features=768, bias=True)
          (pool_q): Conv3d(96, 96, kernel_size=(3, 3, 3), stride=(1, 1, 1), padding=(1, 1, 1), groups=96, bias=False)
          (norm_q): LayerNorm((96,), eps=1e-06, elementwise_affine=True)
          (pool_k): Conv3d(96, 96, kernel_size=(3, 3, 3), stride=(1, 1, 1), padding=(1, 1, 1), groups=96, bias=False)
          (norm_k): LayerNorm((96,), eps=1e-06, elementwise_affine=True)
          (pool_v): Conv3d(96, 96, kernel_size=(3, 3, 3), stride=(1, 1, 1), padding=(1, 1, 1), groups=96, bias=False)
          (norm_v): LayerNorm((96,), eps=1e-06, elementwise_affine=True)
        )
        (drop_path): DropPath()
        (norm2): LayerNorm((768,), eps=1e-06, elementwise_affine=True)
        (mlp): Mlp(
          (fc1): Linear(in_features=768, out_features=3072, bias=True)
          (act): GELU(approximate='none')
          (fc2): Linear(in_features=3072, out_features=768, bias=True)
        )
      )
    )
    (norm): LayerNorm((768,), eps=1e-06, elementwise_affine=True)
    (head): TransformerBasicHead(
      (dropout): Dropout(p=0.5, inplace=False)
      (projection): Linear(in_features=768, out_features=16, bias=True)
      (act): Softmax(dim=1)
    )
  )
)
[07/14 21:09:13][INFO] misc.py:  187: Params: 50,897,968
[07/14 21:09:13][INFO] misc.py:  188: Mem: 0.38045549392700195 MB
[07/14 21:09:17][WARNING] jit_analysis.py:  499: Unsupported operator aten::mul encountered 729 time(s)
[07/14 21:09:17][WARNING] jit_analysis.py:  499: Unsupported operator aten::div encountered 102 time(s)
[07/14 21:09:17][WARNING] jit_analysis.py:  499: Unsupported operator aten::sub encountered 144 time(s)
[07/14 21:09:17][WARNING] jit_analysis.py:  499: Unsupported operator aten::add_ encountered 96 time(s)
[07/14 21:09:17][WARNING] jit_analysis.py:  499: Unsupported operator aten::add encountered 120 time(s)
[07/14 21:09:17][WARNING] jit_analysis.py:  499: Unsupported operator aten::softmax encountered 25 time(s)
[07/14 21:09:17][WARNING] jit_analysis.py:  499: Unsupported operator aten::gelu encountered 24 time(s)
[07/14 21:09:17][WARNING] jit_analysis.py:  499: Unsupported operator aten::max_pool3d encountered 3 time(s)
[07/14 21:09:17][WARNING] jit_analysis.py:  511: The following submodules of the model were never called during the trace of the graph. They may be unused, or they were accessed by direct calls to .forward() or via other python methods. In the latter case they will have zeros for statistics, though their statistics will still contribute to their parent calling module.
module.blocks.1.drop_path, module.blocks.10.drop_path, module.blocks.11.drop_path, module.blocks.12.drop_path, module.blocks.13.drop_path, module.blocks.14.drop_path, module.blocks.15.drop_path, module.blocks.16.drop_path, module.blocks.17.drop_path, module.blocks.18.drop_path, module.blocks.19.drop_path, module.blocks.2.drop_path, module.blocks.20.drop_path, module.blocks.21.drop_path, module.blocks.22.drop_path, module.blocks.23.drop_path, module.blocks.3.drop_path, module.blocks.4.drop_path, module.blocks.5.drop_path, module.blocks.6.drop_path, module.blocks.7.drop_path, module.blocks.8.drop_path, module.blocks.9.drop_path
[07/14 21:09:18][INFO] misc.py:  190: Flops: 92.63208983999999 G
[07/14 21:09:20][WARNING] jit_analysis.py:  499: Unsupported operator aten::layer_norm encountered 121 time(s)
[07/14 21:09:20][WARNING] jit_analysis.py:  499: Unsupported operator aten::mul encountered 729 time(s)
[07/14 21:09:20][WARNING] jit_analysis.py:  499: Unsupported operator aten::div encountered 102 time(s)
[07/14 21:09:20][WARNING] jit_analysis.py:  499: Unsupported operator aten::sub encountered 144 time(s)
[07/14 21:09:20][WARNING] jit_analysis.py:  499: Unsupported operator aten::add_ encountered 96 time(s)
[07/14 21:09:20][WARNING] jit_analysis.py:  499: Unsupported operator aten::add encountered 120 time(s)
[07/14 21:09:20][WARNING] jit_analysis.py:  499: Unsupported operator aten::softmax encountered 25 time(s)
[07/14 21:09:20][WARNING] jit_analysis.py:  499: Unsupported operator aten::gelu encountered 24 time(s)
[07/14 21:09:20][WARNING] jit_analysis.py:  499: Unsupported operator aten::max_pool3d encountered 3 time(s)
[07/14 21:09:20][WARNING] jit_analysis.py:  511: The following submodules of the model were never called during the trace of the graph. They may be unused, or they were accessed by direct calls to .forward() or via other python methods. In the latter case they will have zeros for statistics, though their statistics will still contribute to their parent calling module.
module.blocks.1.drop_path, module.blocks.10.drop_path, module.blocks.11.drop_path, module.blocks.12.drop_path, module.blocks.13.drop_path, module.blocks.14.drop_path, module.blocks.15.drop_path, module.blocks.16.drop_path, module.blocks.17.drop_path, module.blocks.18.drop_path, module.blocks.19.drop_path, module.blocks.2.drop_path, module.blocks.20.drop_path, module.blocks.21.drop_path, module.blocks.22.drop_path, module.blocks.23.drop_path, module.blocks.3.drop_path, module.blocks.4.drop_path, module.blocks.5.drop_path, module.blocks.6.drop_path, module.blocks.7.drop_path, module.blocks.8.drop_path, module.blocks.9.drop_path
[07/14 21:09:20][INFO] misc.py:  191: Activations: 357.084096 M
[07/14 21:09:20][INFO] misc.py:  196: nvidia-smi
[07/14 21:09:21][INFO] train_net.py:  692: Load from given checkpoint file.
[07/14 21:09:21][INFO] checkpoint.py:  223: Loading network weights from checkpoints/MViTv2_B_32x3_k400_f304025456.pyth.
[07/14 21:09:21][INFO] checkpoint.py:  487: blocks.0.attn.rel_pos_t reshaped from torch.Size([31, 96]) to torch.Size([15, 96])
[07/14 21:09:21][INFO] checkpoint.py:  487: blocks.1.attn.rel_pos_t reshaped from torch.Size([31, 96]) to torch.Size([15, 96])
[07/14 21:09:21][INFO] checkpoint.py:  487: blocks.2.attn.rel_pos_t reshaped from torch.Size([31, 96]) to torch.Size([15, 96])
[07/14 21:09:21][INFO] checkpoint.py:  487: blocks.3.attn.rel_pos_t reshaped from torch.Size([31, 96]) to torch.Size([15, 96])
[07/14 21:09:21][INFO] checkpoint.py:  487: blocks.4.attn.rel_pos_t reshaped from torch.Size([31, 96]) to torch.Size([15, 96])
[07/14 21:09:21][INFO] checkpoint.py:  487: blocks.5.attn.rel_pos_t reshaped from torch.Size([31, 96]) to torch.Size([15, 96])
[07/14 21:09:21][INFO] checkpoint.py:  487: blocks.6.attn.rel_pos_t reshaped from torch.Size([31, 96]) to torch.Size([15, 96])
[07/14 21:09:21][INFO] checkpoint.py:  487: blocks.7.attn.rel_pos_t reshaped from torch.Size([31, 96]) to torch.Size([15, 96])
[07/14 21:09:21][INFO] checkpoint.py:  487: blocks.8.attn.rel_pos_t reshaped from torch.Size([31, 96]) to torch.Size([15, 96])
[07/14 21:09:21][INFO] checkpoint.py:  487: blocks.9.attn.rel_pos_t reshaped from torch.Size([31, 96]) to torch.Size([15, 96])
[07/14 21:09:21][INFO] checkpoint.py:  487: blocks.10.attn.rel_pos_t reshaped from torch.Size([31, 96]) to torch.Size([15, 96])
[07/14 21:09:21][INFO] checkpoint.py:  487: blocks.11.attn.rel_pos_t reshaped from torch.Size([31, 96]) to torch.Size([15, 96])
[07/14 21:09:21][INFO] checkpoint.py:  487: blocks.12.attn.rel_pos_t reshaped from torch.Size([31, 96]) to torch.Size([15, 96])
[07/14 21:09:21][INFO] checkpoint.py:  487: blocks.13.attn.rel_pos_t reshaped from torch.Size([31, 96]) to torch.Size([15, 96])
[07/14 21:09:21][INFO] checkpoint.py:  487: blocks.14.attn.rel_pos_t reshaped from torch.Size([31, 96]) to torch.Size([15, 96])
[07/14 21:09:21][INFO] checkpoint.py:  487: blocks.15.attn.rel_pos_t reshaped from torch.Size([31, 96]) to torch.Size([15, 96])
[07/14 21:09:21][INFO] checkpoint.py:  487: blocks.16.attn.rel_pos_t reshaped from torch.Size([31, 96]) to torch.Size([15, 96])
[07/14 21:09:21][INFO] checkpoint.py:  487: blocks.17.attn.rel_pos_t reshaped from torch.Size([31, 96]) to torch.Size([15, 96])
[07/14 21:09:21][INFO] checkpoint.py:  487: blocks.18.attn.rel_pos_t reshaped from torch.Size([31, 96]) to torch.Size([15, 96])
[07/14 21:09:21][INFO] checkpoint.py:  487: blocks.19.attn.rel_pos_t reshaped from torch.Size([31, 96]) to torch.Size([15, 96])
[07/14 21:09:21][INFO] checkpoint.py:  487: blocks.20.attn.rel_pos_t reshaped from torch.Size([31, 96]) to torch.Size([15, 96])
[07/14 21:09:21][INFO] checkpoint.py:  487: blocks.21.attn.rel_pos_t reshaped from torch.Size([31, 96]) to torch.Size([15, 96])
[07/14 21:09:21][INFO] checkpoint.py:  487: blocks.22.attn.rel_pos_t reshaped from torch.Size([31, 96]) to torch.Size([15, 96])
[07/14 21:09:21][INFO] checkpoint.py:  487: blocks.23.attn.rel_pos_t reshaped from torch.Size([31, 96]) to torch.Size([15, 96])
[07/14 21:09:21][INFO] checkpoint.py:  542: Network weights head.projection.weight not loaded.
[07/14 21:09:21][INFO] checkpoint.py:  542: Network weights head.projection.bias not loaded.
[07/14 21:09:21][INFO] checkpoint.py:  545: Network weights head.projection.weight not used.
[07/14 21:09:21][INFO] checkpoint.py:  545: Network weights head.projection.bias not used.
[07/14 21:09:21][INFO] kinetics.py:   93: Constructing Kinetics train...
[07/14 21:09:21][INFO] kinetics.py:  169: Constructing kinetics dataloader (size: 1927 skip_rows 0) from train.csv 
[07/14 21:09:21][INFO] kinetics.py:   93: Constructing Kinetics val...
[07/14 21:09:21][INFO] kinetics.py:  169: Constructing kinetics dataloader (size: 482 skip_rows 0) from val.csv 
[07/14 21:09:21][INFO] train_net.py:  790: Start epoch: 1
[07/14 21:09:33][INFO] distributed.py: 1027: Reducer buckets have been rebuilt in this iteration.
[07/14 21:09:45][INFO] logging.py:  101: json_stats: {"_type": "train_iter_", "dt": 1.33475, "dt_data": 0.00041, "dt_net": 1.33434, "epoch": "1/200", "eta": "8:53:40", "gpu_mem": "17.92G", "grad_norm": 4.11331, "iter": "10/120", "loss": 2.80653, "lr": 0.0000024950, "top1_acc": 6.25000, "top1_err": 93.75000, "top5_acc": 37.50000, "top5_err": 62.50000}
[07/14 21:09:58][INFO] logging.py:  101: json_stats: {"_type": "train_iter_", "dt": 1.34386, "dt_data": 0.00046, "dt_net": 1.34340, "epoch": "1/200", "eta": "8:57:05", "gpu_mem": "17.92G", "grad_norm": 3.88694, "iter": "20/120", "loss": 2.79826, "lr": 0.0000030450, "top1_acc": 6.25000, "top1_err": 93.75000, "top5_acc": 31.25000, "top5_err": 68.75000}
[07/14 21:10:11][INFO] logging.py:  101: json_stats: {"_type": "train_iter_", "dt": 1.30995, "dt_data": 0.00050, "dt_net": 1.30945, "epoch": "1/200", "eta": "8:43:19", "gpu_mem": "17.92G", "grad_norm": 4.19453, "iter": "30/120", "loss": 2.79166, "lr": 0.0000035950, "top1_acc": 6.25000, "top1_err": 93.75000, "top5_acc": 31.25000, "top5_err": 68.75000}
[07/14 21:10:24][INFO] logging.py:  101: json_stats: {"_type": "train_iter_", "dt": 1.30102, "dt_data": 0.00043, "dt_net": 1.30059, "epoch": "1/200", "eta": "8:39:32", "gpu_mem": "17.92G", "grad_norm": 3.92690, "iter": "40/120", "loss": 2.81219, "lr": 0.0000041450, "top1_acc": 3.12500, "top1_err": 96.87500, "top5_acc": 25.00000, "top5_err": 75.00000}
[07/14 21:10:37][INFO] logging.py:  101: json_stats: {"_type": "train_iter_", "dt": 1.32825, "dt_data": 0.00042, "dt_net": 1.32784, "epoch": "1/200", "eta": "8:50:11", "gpu_mem": "17.92G", "grad_norm": 4.57364, "iter": "50/120", "loss": 2.79771, "lr": 0.0000046950, "top1_acc": 3.12500, "top1_err": 96.87500, "top5_acc": 28.12500, "top5_err": 71.87500}
[07/14 21:10:50][INFO] logging.py:  101: json_stats: {"_type": "train_iter_", "dt": 1.35001, "dt_data": 0.00043, "dt_net": 1.34958, "epoch": "1/200", "eta": "8:58:39", "gpu_mem": "17.92G", "grad_norm": 3.88075, "iter": "60/120", "loss": 2.78173, "lr": 0.0000052450, "top1_acc": 6.25000, "top1_err": 93.75000, "top5_acc": 37.50000, "top5_err": 62.50000}
[07/14 21:11:04][INFO] logging.py:  101: json_stats: {"_type": "train_iter_", "dt": 1.32951, "dt_data": 0.00044, "dt_net": 1.32907, "epoch": "1/200", "eta": "8:50:15", "gpu_mem": "17.92G", "grad_norm": 4.48649, "iter": "70/120", "loss": 2.79989, "lr": 0.0000057950, "top1_acc": 6.25000, "top1_err": 93.75000, "top5_acc": 31.25000, "top5_err": 68.75000}
[07/14 21:11:17][INFO] logging.py:  101: json_stats: {"_type": "train_iter_", "dt": 1.33668, "dt_data": 0.00045, "dt_net": 1.33623, "epoch": "1/200", "eta": "8:52:53", "gpu_mem": "17.92G", "grad_norm": 4.10567, "iter": "80/120", "loss": 2.79817, "lr": 0.0000063450, "top1_acc": 6.25000, "top1_err": 93.75000, "top5_acc": 25.00000, "top5_err": 75.00000}
[07/14 21:11:31][INFO] logging.py:  101: json_stats: {"_type": "train_iter_", "dt": 1.34699, "dt_data": 0.00045, "dt_net": 1.34654, "epoch": "1/200", "eta": "8:56:46", "gpu_mem": "17.92G", "grad_norm": 4.57535, "iter": "90/120", "loss": 2.76899, "lr": 0.0000068950, "top1_acc": 6.25000, "top1_err": 93.75000, "top5_acc": 31.25000, "top5_err": 68.75000}
[07/14 21:11:44][INFO] logging.py:  101: json_stats: {"_type": "train_iter_", "dt": 1.31148, "dt_data": 0.00044, "dt_net": 1.31103, "epoch": "1/200", "eta": "8:42:24", "gpu_mem": "17.92G", "grad_norm": 4.49586, "iter": "100/120", "loss": 2.77869, "lr": 0.0000074450, "top1_acc": 0.00000, "top1_err": 100.00000, "top5_acc": 34.37500, "top5_err": 65.62500}
[07/14 21:11:57][INFO] logging.py:  101: json_stats: {"_type": "train_iter_", "dt": 1.32842, "dt_data": 0.00048, "dt_net": 1.32793, "epoch": "1/200", "eta": "8:48:55", "gpu_mem": "17.92G", "grad_norm": 4.28480, "iter": "110/120", "loss": 2.79745, "lr": 0.0000079950, "top1_acc": 6.25000, "top1_err": 93.75000, "top5_acc": 25.00000, "top5_err": 75.00000}
[07/14 21:12:11][INFO] logging.py:  101: json_stats: {"_type": "train_iter_", "dt": 1.33231, "dt_data": 0.00027, "dt_net": 1.33205, "epoch": "1/200", "eta": "8:50:15", "gpu_mem": "17.92G", "grad_norm": 4.29091, "iter": "120/120", "loss": 2.80517, "lr": 0.0000085450, "top1_acc": 0.00000, "top1_err": 100.00000, "top5_acc": 25.00000, "top5_err": 75.00000}
[07/14 21:12:12][INFO] logging.py:  101: json_stats: {"RAM": "14.46/31.07G", "_type": "train_epoch", "dt": 0.80682, "dt_data": 0.80682, "dt_net": 1.33205, "epoch": "1/200", "eta": "5:21:06", "gpu_mem": "17.92G", "grad_norm": 4.29091, "loss": 2.79208, "lr": 0.0000085450, "top1_acc": 6.04167, "top1_err": 93.95833, "top5_acc": 31.40625, "top5_err": 68.59375}
[07/14 21:12:12][INFO] train_net.py:  853: Epoch 0 takes 170.54s. Epochs from 0 to 0 take 170.54s in average and 170.54s in median.
[07/14 21:12:12][INFO] train_net.py:  859: For epoch 0, each iteraction takes 1.42s in average. From epoch 0 to 0, each iteraction takes 1.42s in average.
[07/14 21:12:35][INFO] logging.py:  101: json_stats: {"_type": "train_iter_", "dt": 1.35729, "dt_data": 0.00045, "dt_net": 1.35684, "epoch": "2/200", "eta": "8:59:58", "gpu_mem": "17.92G", "grad_norm": 4.39725, "iter": "10/120", "loss": 2.76094, "lr": 0.0000090950, "top1_acc": 9.37500, "top1_err": 90.62500, "top5_acc": 31.25000, "top5_err": 68.75000}
[07/14 21:12:49][INFO] logging.py:  101: json_stats: {"_type": "train_iter_", "dt": 1.35711, "dt_data": 0.00042, "dt_net": 1.35669, "epoch": "2/200", "eta": "8:59:40", "gpu_mem": "17.92G", "grad_norm": 4.00836, "iter": "20/120", "loss": 2.75553, "lr": 0.0000096450, "top1_acc": 6.25000, "top1_err": 93.75000, "top5_acc": 34.37500, "top5_err": 65.62500}
[07/14 21:13:02][INFO] logging.py:  101: json_stats: {"_type": "train_iter_", "dt": 1.32341, "dt_data": 0.00301, "dt_net": 1.32040, "epoch": "2/200", "eta": "8:46:03", "gpu_mem": "17.92G", "grad_norm": 4.48467, "iter": "30/120", "loss": 2.76429, "lr": 0.0000101950, "top1_acc": 6.25000, "top1_err": 93.75000, "top5_acc": 37.50000, "top5_err": 62.50000}
[07/14 21:13:16][INFO] logging.py:  101: json_stats: {"_type": "train_iter_", "dt": 1.35167, "dt_data": 0.00042, "dt_net": 1.35126, "epoch": "2/200", "eta": "8:57:03", "gpu_mem": "17.92G", "grad_norm": 3.77793, "iter": "40/120", "loss": 2.78121, "lr": 0.0000107450, "top1_acc": 6.25000, "top1_err": 93.75000, "top5_acc": 31.25000, "top5_err": 68.75000}
[07/14 21:13:29][INFO] logging.py:  101: json_stats: {"_type": "train_iter_", "dt": 1.32923, "dt_data": 0.00043, "dt_net": 1.32879, "epoch": "2/200", "eta": "8:47:55", "gpu_mem": "17.92G", "grad_norm": 3.61123, "iter": "50/120", "loss": 2.75411, "lr": 0.0000112950, "top1_acc": 6.25000, "top1_err": 93.75000, "top5_acc": 43.75000, "top5_err": 56.25000}
[07/14 21:13:43][INFO] logging.py:  101: json_stats: {"_type": "train_iter_", "dt": 1.34351, "dt_data": 0.00040, "dt_net": 1.34311, "epoch": "2/200", "eta": "8:53:22", "gpu_mem": "17.92G", "grad_norm": 3.50328, "iter": "60/120", "loss": 2.74317, "lr": 0.0000118450, "top1_acc": 6.25000, "top1_err": 93.75000, "top5_acc": 37.50000, "top5_err": 62.50000}
[07/14 21:13:56][INFO] logging.py:  101: json_stats: {"_type": "train_iter_", "dt": 1.35263, "dt_data": 0.00041, "dt_net": 1.35222, "epoch": "2/200", "eta": "8:56:46", "gpu_mem": "17.92G", "grad_norm": 3.77626, "iter": "70/120", "loss": 2.72975, "lr": 0.0000123950, "top1_acc": 12.50000, "top1_err": 87.50000, "top5_acc": 37.50000, "top5_err": 62.50000}
[07/14 21:14:10][INFO] logging.py:  101: json_stats: {"_type": "train_iter_", "dt": 1.35198, "dt_data": 0.00068, "dt_net": 1.35130, "epoch": "2/200", "eta": "8:56:17", "gpu_mem": "17.92G", "grad_norm": 3.86030, "iter": "80/120", "loss": 2.74280, "lr": 0.0000129450, "top1_acc": 9.37500, "top1_err": 90.62500, "top5_acc": 37.50000, "top5_err": 62.50000}
[07/14 21:14:23][INFO] logging.py:  101: json_stats: {"_type": "train_iter_", "dt": 1.35431, "dt_data": 0.00045, "dt_net": 1.35387, "epoch": "2/200", "eta": "8:56:59", "gpu_mem": "17.92G", "grad_norm": 4.07323, "iter": "90/120", "loss": 2.74841, "lr": 0.0000134950, "top1_acc": 9.37500, "top1_err": 90.62500, "top5_acc": 43.75000, "top5_err": 56.25000}
[07/14 21:14:37][INFO] logging.py:  101: json_stats: {"_type": "train_iter_", "dt": 1.37352, "dt_data": 0.00042, "dt_net": 1.37311, "epoch": "2/200", "eta": "9:04:22", "gpu_mem": "17.92G", "grad_norm": 4.17150, "iter": "100/120", "loss": 2.69998, "lr": 0.0000140450, "top1_acc": 12.50000, "top1_err": 87.50000, "top5_acc": 50.00000, "top5_err": 50.00000}
[07/14 21:14:50][INFO] logging.py:  101: json_stats: {"_type": "train_iter_", "dt": 1.34413, "dt_data": 0.00042, "dt_net": 1.34371, "epoch": "2/200", "eta": "8:52:30", "gpu_mem": "17.92G", "grad_norm": 3.82397, "iter": "110/120", "loss": 2.72418, "lr": 0.0000145950, "top1_acc": 12.50000, "top1_err": 87.50000, "top5_acc": 46.87500, "top5_err": 53.12500}
[07/14 21:15:04][INFO] logging.py:  101: json_stats: {"_type": "train_iter_", "dt": 1.34432, "dt_data": 0.00033, "dt_net": 1.34400, "epoch": "2/200", "eta": "8:52:21", "gpu_mem": "17.92G", "grad_norm": 3.75035, "iter": "120/120", "loss": 2.73069, "lr": 0.0000151450, "top1_acc": 18.75000, "top1_err": 81.25000, "top5_acc": 43.75000, "top5_err": 56.25000}
[07/14 21:15:04][INFO] logging.py:  101: json_stats: {"RAM": "14.44/31.07G", "_type": "train_epoch", "dt": 0.78599, "dt_data": 0.78599, "dt_net": 1.34400, "epoch": "2/200", "eta": "5:11:14", "gpu_mem": "17.92G", "grad_norm": 3.75035, "loss": 2.74555, "lr": 0.0000151450, "top1_acc": 9.16667, "top1_err": 90.83333, "top5_acc": 39.11458, "top5_err": 60.88542}
[07/14 21:15:04][INFO] train_net.py:  853: Epoch 1 takes 172.76s. Epochs from 0 to 1 take 171.65s in average and 171.65s in median.
[07/14 21:15:04][INFO] train_net.py:  859: For epoch 1, each iteraction takes 1.44s in average. From epoch 0 to 1, each iteraction takes 1.43s in average.
[07/14 21:15:18][INFO] logging.py:  101: json_stats: {"_type": "val_iter", "epoch": "2/200", "eta": "0:00:07", "gpu_mem": "17.92G", "iter": "10/31", "time_diff": 0.34749, "top1_acc": 18.75000, "top1_err": 81.25000, "top5_acc": 62.50000, "top5_err": 37.50000}
[07/14 21:15:22][INFO] logging.py:  101: json_stats: {"_type": "val_iter", "epoch": "2/200", "eta": "0:00:03", "gpu_mem": "17.92G", "iter": "20/31", "time_diff": 0.33117, "top1_acc": 18.75000, "top1_err": 81.25000, "top5_acc": 50.00000, "top5_err": 50.00000}
[07/14 21:15:25][INFO] logging.py:  101: json_stats: {"_type": "val_iter", "epoch": "2/200", "eta": "0:00:00", "gpu_mem": "17.92G", "iter": "30/31", "time_diff": 0.31393, "top1_acc": 12.50000, "top1_err": 87.50000, "top5_acc": 56.25000, "top5_err": 43.75000}
[07/14 21:15:26][INFO] logging.py:  101: json_stats: {"RAM": "14.44/31.07G", "_type": "val_epoch", "epoch": "2/200", "gpu_mem": "17.92G", "min_top1_err": 80.08299, "min_top5_err": 44.39834, "time_diff": 0.59817, "top1_acc": 19.91701, "top1_err": 80.08299, "top5_acc": 55.60166, "top5_err": 44.39834}
[07/14 21:15:49][INFO] logging.py:  101: json_stats: {"_type": "train_iter_", "dt": 1.33633, "dt_data": 0.00042, "dt_net": 1.33590, "epoch": "3/200", "eta": "8:48:57", "gpu_mem": "17.92G", "grad_norm": 4.29092, "iter": "10/120", "loss": 2.70117, "lr": 0.0000156950, "top1_acc": 6.25000, "top1_err": 93.75000, "top5_acc": 53.12500, "top5_err": 46.87500}
[07/14 21:16:02][INFO] logging.py:  101: json_stats: {"_type": "train_iter_", "dt": 1.35906, "dt_data": 0.00042, "dt_net": 1.35864, "epoch": "3/200", "eta": "8:57:44", "gpu_mem": "17.92G", "grad_norm": 4.28858, "iter": "20/120", "loss": 2.72876, "lr": 0.0000162450, "top1_acc": 12.50000, "top1_err": 87.50000, "top5_acc": 40.62500, "top5_err": 59.37500}
[07/14 21:16:16][INFO] logging.py:  101: json_stats: {"_type": "train_iter_", "dt": 1.35112, "dt_data": 0.00046, "dt_net": 1.35066, "epoch": "3/200", "eta": "8:54:22", "gpu_mem": "17.92G", "grad_norm": 4.34394, "iter": "30/120", "loss": 2.69288, "lr": 0.0000167950, "top1_acc": 12.50000, "top1_err": 87.50000, "top5_acc": 46.87500, "top5_err": 53.12500}
[07/14 21:16:30][INFO] logging.py:  101: json_stats: {"_type": "train_iter_", "dt": 1.38596, "dt_data": 0.00041, "dt_net": 1.38555, "epoch": "3/200", "eta": "9:07:54", "gpu_mem": "17.92G", "grad_norm": 4.21439, "iter": "40/120", "loss": 2.68687, "lr": 0.0000173450, "top1_acc": 18.75000, "top1_err": 81.25000, "top5_acc": 46.87500, "top5_err": 53.12500}
